Current Args:  Namespace(dl=2, e=200, lr=0.1, m='resnet18', o='sgd')
Files already downloaded and verified
Files already downloaded and verified
Saving Params..
Saving Params..
Saving Params..
Saving Params..
Saving Params..
Saving Params..
Saving Params..
Saving Params..
Saving Params..
Saving Params..
Saving Params..
Saving Params..
Saving Params..
Saving Params..
******************************************Model Statistics******************************************
Train Loss     : 0.30746235631768354
Train Accuracy : 89.594
Test Loss      : 0.39537327900528907
Test Accuracy  : 86.92
